[2013-12-22 21:37:58] START
[2013-12-22 21:38:49] UPLOAD D:/PortableApps.com/WEB2PY/web2py-master-20131222/applications/welcome_bootstrap_3/modules/bootstrap3.py: 530
[2013-12-22 21:45:11] UPLOAD D:/PortableApps.com/WEB2PY/web2py-master-20131222/applications/welcome_bootstrap_3/static/css/web2py_bootstrap3.css: 244
[2013-12-22 21:45:35] DELETE welcome_bootstrap_3/static/css/web2py_bootstrap_nojs.css: -109
[2013-12-22 21:45:43] DELETE welcome_bootstrap_3/static/css/bootstrap-responsive.min.css: -9
[2013-12-22 21:46:44] DELETE welcome_bootstrap_3/static/js/dd_belatedpng.js: -13
[2013-12-22 21:47:04] DELETE welcome_bootstrap_3/static/js/web2py_bootstrap.js: -33
[2013-12-22 21:47:32] UPLOAD D:/PortableApps.com/WEB2PY/web2py-master-20131222/applications/welcome_bootstrap_3/static/js/web2py_bootstrap3.js: 233
[2013-12-22 21:47:52] DELETE welcome_bootstrap_3/static/images/glyphicons-halflings-white.png: -1
[2013-12-22 21:48:01] DELETE welcome_bootstrap_3/static/images/glyphicons-halflings.png: -1
[2013-12-22 21:53:05] EDIT welcome_bootstrap_3/models/db.py: 3
[2013-12-22 21:56:47] EDIT welcome_bootstrap_3/modules/bootstrap3.py: 0
[2013-12-22 22:03:43] EDIT welcome_bootstrap_3/static/css/web2py-bootstrap3.css: 15
[2013-12-22 22:07:58] EDIT welcome_bootstrap_3/models/menu.py: 1
[2013-12-22 22:09:48] EDIT welcome_bootstrap_3/models/menu.py: 17
[2013-12-22 22:12:55] EDIT welcome_bootstrap_3/models/db.py: 25
[2013-12-22 22:16:41] EDIT welcome_bootstrap_3/views/default/index.html: 12
[2013-12-22 22:18:42] EDIT welcome_bootstrap_3/views/default/index.html: 0
[2013-12-22 22:20:02] EDIT welcome_bootstrap_3/views/default/index.html: 13
[2013-12-22 22:21:25] EDIT welcome_bootstrap_3/views/default/user.html: 14
[2013-12-22 22:25:55] EDIT welcome_bootstrap_3/modules/bootstrap3.py: 2
[2013-12-22 22:27:11] EDIT welcome_bootstrap_3/controllers/default.py: 1
[2013-12-22 22:28:05] EDIT welcome_bootstrap_3/controllers/default.py: 0
[2013-12-22 22:36:57] EDIT welcome_bootstrap_3/controllers/default.py: 31
[2013-12-22 22:38:44] CREATE default/display_form.html: 0
[2013-12-22 22:39:28] EDIT welcome_bootstrap_3/views/default/display_form.html: 12
[2013-12-22 22:42:21] EDIT welcome_bootstrap_3/views/default/display_form.html: 0
[2013-12-22 22:50:23] EDIT welcome_bootstrap_3/controllers/default.py: 1
[2013-12-22 22:54:51] EDIT welcome_bootstrap_3/controllers/default.py: 1
[2013-12-22 22:56:57] EDIT welcome_bootstrap_3/controllers/default.py: 0
[2013-12-22 22:58:36] EDIT welcome_bootstrap_3/modules/bootstrap3.py: 0
[2013-12-22 23:00:41] EDIT welcome_bootstrap_3/controllers/default.py: -1
[2013-12-22 23:03:38] EDIT welcome_bootstrap_3/modules/bootstrap3.py: 1
[2013-12-22 23:07:07] EDIT welcome_bootstrap_3/modules/bootstrap3.py: 0
[2013-12-22 23:13:20] EDIT welcome_bootstrap_3/modules/bootstrap3.py: 0
[2013-12-22 23:14:09] EDIT welcome_bootstrap_3/modules/bootstrap3.py: -1
[2013-12-22 23:14:35] EDIT welcome_bootstrap_3/modules/bootstrap3.py: 0
[2013-12-22 23:15:37] EDIT welcome_bootstrap_3/modules/bootstrap3.py: 0
[2013-12-22 23:21:02] EDIT welcome_bootstrap_3/controllers/default.py: -1
[2013-12-22 23:24:05] EDIT welcome_bootstrap_3/modules/bootstrap3.py: 2
[2013-12-22 23:24:26] EDIT welcome_bootstrap_3/modules/bootstrap3.py: 0
[2013-12-22 23:24:36] EDIT welcome_bootstrap_3/modules/bootstrap3.py: 0
[2013-12-22 23:26:06] EDIT welcome_bootstrap_3/controllers/default.py: 0
[2013-12-22 23:26:49] EDIT welcome_bootstrap_3/controllers/default.py: 0
[2013-12-22 23:27:45] EDIT welcome_bootstrap_3/controllers/default.py: 0
[2013-12-22 23:28:15] EDIT welcome_bootstrap_3/controllers/default.py: 0
[2013-12-22 23:30:29] EDIT welcome_bootstrap_3/controllers/default.py: 0
[2013-12-22 23:33:32] EDIT welcome_bootstrap_3/modules/bootstrap3.py: 1
[2013-12-22 23:35:26] EDIT welcome_bootstrap_3/controllers/default.py: 0
[2013-12-22 23:36:00] EDIT welcome_bootstrap_3/controllers/default.py: 0
[2013-12-22 23:37:39] EDIT welcome_bootstrap_3/controllers/default.py: 0
[2013-12-22 23:40:16] EDIT welcome_bootstrap_3/controllers/default.py: 10
[2013-12-22 23:42:28] EDIT welcome_bootstrap_3/controllers/default.py: 33
[2013-12-22 23:44:51] CREATE default/list_records.html: 0
[2013-12-22 23:45:00] EDIT welcome_bootstrap_3/views/default/list_records.html: 2
[2013-12-22 23:52:37] EDIT welcome_bootstrap_3/controllers/default.py: 12
[2013-12-22 23:53:53] CREATE default/about.html: 0
[2013-12-22 23:54:02] EDIT welcome_bootstrap_3/views/default/about.html: 104
[2013-12-22 23:55:21] CREATE layout_b.html: 0
[2013-12-22 23:55:46] EDIT welcome_bootstrap_3/views/layout_b.html: 75
[2013-12-23 00:00:58] EDIT welcome_bootstrap_3/views/layout_b.html: 0
[2013-12-23 00:01:58] CREATE layout_c.html: 0
[2013-12-23 00:02:34] EDIT welcome_bootstrap_3/views/layout_c.html: 98
[2013-12-23 00:04:13] EDIT welcome_bootstrap_3/views/layout_c.html: 0
[2013-12-23 00:05:17] CREATE default/help.html: 0
[2013-12-23 00:05:43] EDIT welcome_bootstrap_3/views/default/help.html: -2
[2014-03-12 13:18:44] EDIT bootstrap3/modules/plugin_jqueryui.py: 0
[2014-03-12 13:20:22] EDIT bootstrap3/modules/plugin_jqueryui.py: 0
[2014-03-12 13:21:46] EDIT bootstrap3/modules/plugin_jqueryui.py: 0
[2014-03-13 13:06:52] EDIT bootstrap3/modules/plugin_jqueryui.py: 0
[2014-03-13 13:08:31] EDIT bootstrap3/modules/plugin_jqueryui.py: 0
[2014-03-13 13:14:55] EDIT bootstrap3/modules/plugin_jqueryui.py: 0
[2014-03-13 13:19:40] EDIT bootstrap3/modules/plugin_jqueryui.py: 0
[2014-03-13 13:19:49] EDIT bootstrap3/modules/plugin_jqueryui.py: 0
[2014-03-13 13:21:57] EDIT bootstrap3/modules/plugin_jqueryui.py: 0
[2014-03-13 13:26:27] EDIT bootstrap3/modules/plugin_jqueryui.py: 0
[2014-03-25 13:06:58] EDIT bootstrap3/modules/plugin_jqueryui.py: 0
[2014-03-25 13:07:56] EDIT bootstrap3/modules/plugin_jqueryui.py: 0
