timestamp: 2014-09-16T04:10:22.967000
CREATE TABLE auth_user(
    id INTEGER PRIMARY KEY AUTOINCREMENT,
    first_name CHAR(128),
    last_name CHAR(128),
    email CHAR(512),
    password CHAR(512),
    registration_key CHAR(512),
    reset_password_key CHAR(512),
    registration_id CHAR(512)
);
success!
timestamp: 2014-09-16T04:10:23.076000
CREATE TABLE auth_group(
    id INTEGER PRIMARY KEY AUTOINCREMENT,
    role CHAR(512),
    description TEXT
);
success!
timestamp: 2014-09-16T04:10:23.185000
CREATE TABLE auth_membership(
    id INTEGER PRIMARY KEY AUTOINCREMENT,
    user_id INTEGER REFERENCES auth_user (id) ON DELETE CASCADE,
    group_id INTEGER REFERENCES auth_group (id) ON DELETE CASCADE
);
success!
timestamp: 2014-09-16T04:10:23.293000
CREATE TABLE auth_permission(
    id INTEGER PRIMARY KEY AUTOINCREMENT,
    group_id INTEGER REFERENCES auth_group (id) ON DELETE CASCADE,
    name CHAR(512),
    table_name CHAR(512),
    record_id INTEGER
);
success!
timestamp: 2014-09-16T04:10:23.422000
CREATE TABLE auth_event(
    id INTEGER PRIMARY KEY AUTOINCREMENT,
    time_stamp TIMESTAMP,
    client_ip CHAR(512),
    user_id INTEGER REFERENCES auth_user (id) ON DELETE CASCADE,
    origin CHAR(512),
    description TEXT
);
success!
timestamp: 2014-09-16T04:10:23.571000
CREATE TABLE auth_cas(
    id INTEGER PRIMARY KEY AUTOINCREMENT,
    user_id INTEGER REFERENCES auth_user (id) ON DELETE CASCADE,
    created_on TIMESTAMP,
    service CHAR(512),
    ticket CHAR(512),
    renew CHAR(1)
);
success!
timestamp: 2014-09-16T04:10:23.867000
CREATE TABLE mensajes(
    id INTEGER PRIMARY KEY AUTOINCREMENT,
    nombre CHAR(50) NOT NULL,
    correo CHAR(50) NOT NULL,
    telefono CHAR(22),
    mensaje TEXT NOT NULL,
    is_active CHAR(1),
    created_on TIMESTAMP,
    created_by INTEGER REFERENCES auth_user (id) ON DELETE CASCADE,
    modified_on TIMESTAMP,
    modified_by INTEGER REFERENCES auth_user (id) ON DELETE CASCADE
);
success!
timestamp: 2014-09-16T04:10:24.003000
CREATE TABLE versos_biblicos(
    id INTEGER PRIMARY KEY AUTOINCREMENT,
    numero INTEGER NOT NULL,
    verso CHAR(512),
    cita CHAR(25)
);
success!
timestamp: 2014-09-16T04:54:09.243000
CREATE TABLE bible_verses(
    id INTEGER PRIMARY KEY AUTOINCREMENT,
    numero INTEGER NOT NULL,
    verso CHAR(512),
    cita CHAR(25)
);
success!
timestamp: 2014-09-24T01:26:53.957000
CREATE TABLE plugin_page_statistics(
    id INTEGER PRIMARY KEY AUTOINCREMENT,
    hits INTEGER,
    visits INTEGER
);
success!
timestamp: 2014-09-24T01:47:34.754000
CREATE TABLE visitas(
    id INTEGER PRIMARY KEY AUTOINCREMENT,
    visits INTEGER
);
success!
